
Mudanças iniciaram em 2019-05-06 20:26:38.404684.
Valor original: None.
Valor final: {'id': 5, 'nome': 'Felipe'}.
Mudanças finalizaram em 2019-05-06 20:26:38.420696.

Mudanças iniciaram em 2019-05-06 20:26:59.198824.
Valor original: None.
Valor final: {'id': 1, 'nome': 'Felipe'}.
Mudanças finalizaram em 2019-05-06 20:26:59.198824.

Mudanças iniciaram em 2019-05-06 20:27:09.260653.
Valor original: None.
Valor final: {'id': 2, 'nome': 'Felipe'}.
Mudanças finalizaram em 2019-05-06 20:27:09.260653.

Mudanças iniciaram em 2019-05-06 20:29:36.290142.
Valor original: None.
Valor final: {'id': 2, 'nome': 'Felipe'}.
Mudanças finalizaram em 2019-05-06 20:29:36.293686.

Mudanças iniciaram em 2019-05-06 20:29:41.662530.
Valor original: None.
Valor final: {'id': 1, 'nome': 'Felipe'}.
Mudanças finalizaram em 2019-05-06 20:29:41.662530.

Mudanças iniciaram em 2019-05-06 21:16:19.633365.
Valor original: None.
Valor final: {'id': 1, 'nome': 'Felipe'}.
Mudanças finalizaram em 2019-05-06 21:16:19.637355.

Mudanças iniciaram em 2019-05-06 21:36:40.204325.
Valor original: None.
Valor final: {'id': 1, 'nome': 'Felipe'}.
Mudanças finalizaram em 2019-05-06 21:36:40.215698.

Mudanças iniciaram em 2019-05-07 21:34:39.485107.
Valor original: None.
Valor final: {'id': 1, 'nome': 'Felipe'}.
Mudanças finalizaram em 2019-05-07 21:34:39.485107.

Mudanças iniciaram em 2019-05-07 21:35:28.121005.
Valor original: None.
Valor final: {'id': 1, 'nome': 'Felipe'}.
Mudanças finalizaram em 2019-05-07 21:35:28.121005.

Mudanças iniciaram em 2019-05-07 21:35:34.317300.
Valor original: None.
Valor final: {'id': 1, 'nome': 'Felipe'}.
Mudanças finalizaram em 2019-05-07 21:35:34.317300.

Mudanças iniciaram em 2019-05-07 21:35:38.096138.
Valor original: None.
Valor final: {'id': 1, 'nome': 'Felipe'}.
Mudanças finalizaram em 2019-05-07 21:35:38.100078.

Mudanças iniciaram em 2019-05-07 21:40:38.153470.
Valor original: None.
Valor final: {'id': 1, 'nome': 'Felipe'}.
Mudanças finalizaram em 2019-05-07 21:40:38.165501.

Mudanças iniciaram em 2019-05-07 21:40:41.249173.
Valor original: None.
Valor final: {'id': 1, 'nome': 'Felipe'}.
Mudanças finalizaram em 2019-05-07 21:40:41.249173.

Mudanças iniciaram em 2019-05-07 21:40:45.393396.
Valor original: None.
Valor final: {'id': 1, 'nome': 'Felipe'}.
Mudanças finalizaram em 2019-05-07 21:40:45.393396.

Mudanças iniciaram em 2019-05-09 19:51:03.046773.
Valor original: None.
Valor final: {'id': 1, 'nome': 'Felipe'}.
Mudanças finalizaram em 2019-05-09 19:51:03.106690.

Mudanças iniciaram em 2019-05-09 20:05:49.282775.
Valor original: None.
Valor final: {'id': 1, 'nome': 'Felipe'}.
Mudanças finalizaram em 2019-05-09 20:05:49.283774.

Mudanças iniciaram em 2019-05-09 20:08:52.246068.
Valor original: None.
Valor final: {'id': 1, 'nome': 'Felipe'}.
Mudanças finalizaram em 2019-05-09 20:08:52.248061.

Mudanças iniciaram em 2019-05-09 20:10:03.901799.
Valor original: None.
Valor final: {'id': 1, 'nome': 'Felipe'}.
Mudanças finalizaram em 2019-05-09 20:10:03.903733.

Mudanças iniciaram em 2019-05-09 20:11:03.361013.
Valor original: None.
Valor final: {'id': 1, 'nome': 'Felipe'}.
Mudanças finalizaram em 2019-05-09 20:11:03.364007.

Mudanças iniciaram em 2019-05-09 20:14:13.930601.
Valor original: None.
Valor final: {'id': 1, 'nome': 'Felipe'}.
Mudanças finalizaram em 2019-05-09 20:14:13.931597.

Mudanças iniciaram em 2019-05-09 20:15:07.592988.
Valor original: None.
Valor final: {'id': 1, 'nome': 'Felipe'}.
Mudanças finalizaram em 2019-05-09 20:15:07.594024.

Mudanças iniciaram em 2019-05-09 20:15:10.957331.
Valor original: None.
Valor final: {'carga_horaria': 3, 'id': 1, 'id_coordenador': 1, 'nome': 'jorge', 'plano_ensino': 'Plano de ensino', 'status': 1}.
Mudanças finalizaram em 2019-05-09 20:15:10.958331.

Mudanças iniciaram em 2019-05-09 20:16:30.049523.
Valor original: None.
Valor final: {'id': 2, 'nome': 'Felipe'}.
Mudanças finalizaram em 2019-05-09 20:16:30.049523.

Mudanças iniciaram em 2019-05-09 20:17:25.451889.
Valor original: None.
Valor final: {'carga_horaria': 3, 'id': 2, 'id_coordenador': 1, 'nome': 'jorge', 'plano_ensino': 'Plano de ensino', 'status': 1}.
Mudanças finalizaram em 2019-05-09 20:17:25.451889.

Mudanças iniciaram em 2019-05-09 20:19:06.056984.
Valor original: None.
Valor final: {'id': 2, 'nome': 'Felipe'}.
Mudanças finalizaram em 2019-05-09 20:19:06.056984.

Mudanças iniciaram em 2019-05-09 20:19:11.453931.
Valor original: None.
Valor final: {'id': 1, 'nome': 'Felipe'}.
Mudanças finalizaram em 2019-05-09 20:19:11.453931.

Mudanças iniciaram em 2019-05-09 20:19:16.120833.
Valor original: None.
Valor final: {'id': 1, 'nome': 'Felipe'}.
Mudanças finalizaram em 2019-05-09 20:19:16.120833.

Mudanças iniciaram em 2019-05-09 20:19:24.191622.
Valor original: None.
Valor final: {'id': 1, 'nome': 'Felipe'}.
Mudanças finalizaram em 2019-05-09 20:19:24.191622.

Mudanças iniciaram em 2019-05-09 20:25:16.909914.
Valor original: None.
Valor final: {'ano': 2, 'data': '2019/05/09', 'id': 1, 'id_curso': 1, 'id_disciplina': 1, 'id_professor': 1, 'semestre': 3, 'turma': '1'}.
Mudanças finalizaram em 2019-05-09 20:25:16.910912.

Mudanças iniciaram em 2019-05-13 17:24:04.347576.
Valor original: None.
Valor final: {'id': 1, 'nome': 'Felipe'}.
Mudanças finalizaram em 2019-05-13 17:24:04.375532.

Mudanças iniciaram em 2019-05-13 17:24:10.017791.
Valor original: None.
Valor final: {'id': 1, 'nome': 'Felipe'}.
Mudanças finalizaram em 2019-05-13 17:24:10.019786.

Mudanças iniciaram em 2019-05-13 17:24:21.460355.
Valor original: None.
Valor final: {'id': 1, 'nome': 'Felipe'}.
Mudanças finalizaram em 2019-05-13 17:24:21.462349.

Mudanças iniciaram em 2019-05-13 17:25:03.340523.
Valor original: None.
Valor final: {'carga_horaria': 3, 'id': 1, 'id_coordenador': 1, 'nome': 'jorge', 'plano_ensino': 'Plano de ensino', 'status': 1}.
Mudanças finalizaram em 2019-05-13 17:25:03.343517.

Mudanças iniciaram em 2019-05-13 17:26:56.977446.
Valor original: None.
Valor final: {'id': 1, 'nome': 'Felipe'}.
Mudanças finalizaram em 2019-05-13 17:26:56.981428.

Mudanças iniciaram em 2019-05-13 17:27:03.195796.
Valor original: None.
Valor final: {'ano': 2, 'data': '2019/05/09', 'id': 1, 'id_curso': 1, 'id_disciplina': 1, 'id_professor': 1, 'semestre': 3, 'turma': '1'}.
Mudanças finalizaram em 2019-05-13 17:27:03.197833.

Mudanças iniciaram em 2019-05-13 17:38:53.298135.
Valor original: None.
Valor final: {'id': 1, 'nome': 'Felipe'}.
Mudanças finalizaram em 2019-05-13 17:38:53.300134.

Mudanças iniciaram em 2019-05-13 17:39:01.760566.
Valor original: None.
Valor final: {'id': 1, 'nome': 'Felipe'}.
Mudanças finalizaram em 2019-05-13 17:39:01.761558.

Mudanças iniciaram em 2019-05-13 17:39:06.515992.
Valor original: None.
Valor final: {'id': 1, 'nome': 'Felipe'}.
Mudanças finalizaram em 2019-05-13 17:39:06.516989.

Mudanças iniciaram em 2019-05-13 17:39:11.913546.
Valor original: None.
Valor final: {'id': 1, 'nome': 'Felipe'}.
Mudanças finalizaram em 2019-05-13 17:39:11.913546.

Mudanças iniciaram em 2019-05-13 17:39:18.969725.
Valor original: None.
Valor final: {'carga_horaria': 3, 'id': 1, 'id_coordenador': 1, 'nome': 'jorge', 'plano_ensino': 'Plano de ensino', 'status': 1}.
Mudanças finalizaram em 2019-05-13 17:39:18.970721.

Mudanças iniciaram em 2019-05-13 17:39:22.172359.
Valor original: None.
Valor final: {'ano': 2, 'data': '2019/05/09', 'id': 1, 'id_curso': 1, 'id_disciplina': 1, 'id_professor': 1, 'semestre': 3, 'turma': '1'}.
Mudanças finalizaram em 2019-05-13 17:39:22.173357.

Mudanças iniciaram em 2019-05-13 17:40:24.403731.
Valor original: None.
Valor final: {'id': 1, 'nome': 'Felipe'}.
Mudanças finalizaram em 2019-05-13 17:40:24.405725.

Mudanças iniciaram em 2019-05-13 17:40:30.172257.
Valor original: None.
Valor final: {'id': 1, 'nome': 'Felipe'}.
Mudanças finalizaram em 2019-05-13 17:40:30.173281.

Mudanças iniciaram em 2019-05-13 17:40:32.982088.
Valor original: None.
Valor final: {'id': 1, 'nome': 'Felipe'}.
Mudanças finalizaram em 2019-05-13 17:40:32.983118.

Mudanças iniciaram em 2019-05-13 17:40:37.171200.
Valor original: None.
Valor final: {'id': 1, 'nome': 'Felipe'}.
Mudanças finalizaram em 2019-05-13 17:40:37.171200.

Mudanças iniciaram em 2019-05-13 17:40:42.860039.
Valor original: None.
Valor final: {'carga_horaria': 3, 'id': 1, 'id_coordenador': 1, 'nome': 'jorge', 'plano_ensino': 'Plano de ensino', 'status': 1}.
Mudanças finalizaram em 2019-05-13 17:40:42.861036.

Mudanças iniciaram em 2019-05-13 17:40:49.218547.
Valor original: None.
Valor final: {'ano': 2, 'data': '2019/05/09', 'id': 1, 'id_curso': 1, 'id_disciplina': 1, 'id_professor': 1, 'semestre': 3, 'turma': '1'}.
Mudanças finalizaram em 2019-05-13 17:40:49.219544.

Mudanças iniciaram em 2019-05-13 17:51:49.596189.
Valor original: None.
Valor final: {'id': 1, 'nome': 'Felipe'}.
Mudanças finalizaram em 2019-05-13 17:51:49.598181.

Mudanças iniciaram em 2019-05-13 17:51:53.411923.
Valor original: None.
Valor final: {'id': 1, 'nome': 'Felipe'}.
Mudanças finalizaram em 2019-05-13 17:51:53.411923.

Mudanças iniciaram em 2019-05-13 17:52:11.611905.
Valor original: None.
Valor final: {'id': 1, 'nome': 'Felipe'}.
Mudanças finalizaram em 2019-05-13 17:52:11.611905.

Mudanças iniciaram em 2019-05-13 17:52:23.521354.
Valor original: None.
Valor final: {'id': 1, 'nome': 'Felipe'}.
Mudanças finalizaram em 2019-05-13 17:52:23.522351.

Mudanças iniciaram em 2019-05-13 17:52:34.588485.
Valor original: None.
Valor final: {'carga_horaria': 3, 'id': 1, 'id_coordenador': 1, 'nome': 'jorge', 'plano_ensino': 'Plano de ensino', 'status': 1}.
Mudanças finalizaram em 2019-05-13 17:52:34.589478.

Mudanças iniciaram em 2019-05-13 17:52:40.613869.
Valor original: None.
Valor final: {'ano': 2, 'data': '2019/05/09', 'id': 1, 'id_curso': 1, 'id_disciplina': 1, 'id_professor': 1, 'semestre': 3, 'turma': '1'}.
Mudanças finalizaram em 2019-05-13 17:52:40.613869.

Mudanças iniciaram em 2019-05-13 17:53:52.638434.
Valor original: None.
Valor final: {'id': 1, 'nome': 'Felipe'}.
Mudanças finalizaram em 2019-05-13 17:53:52.639431.

Mudanças iniciaram em 2019-05-13 17:53:56.098331.
Valor original: None.
Valor final: {'id': 1, 'nome': 'Felipe'}.
Mudanças finalizaram em 2019-05-13 17:53:56.099361.

Mudanças iniciaram em 2019-05-13 17:53:59.560914.
Valor original: None.
Valor final: {'id': 1, 'nome': 'Felipe'}.
Mudanças finalizaram em 2019-05-13 17:53:59.561910.

Mudanças iniciaram em 2019-05-13 17:54:02.896856.
Valor original: None.
Valor final: {'id': 1, 'nome': 'Felipe'}.
Mudanças finalizaram em 2019-05-13 17:54:02.897853.

Mudanças iniciaram em 2019-05-13 17:54:06.640680.
Valor original: None.
Valor final: {'carga_horaria': 3, 'id': 1, 'id_coordenador': 1, 'nome': 'jorge', 'plano_ensino': 'Plano de ensino', 'status': 1}.
Mudanças finalizaram em 2019-05-13 17:54:06.640680.

Mudanças iniciaram em 2019-05-13 17:54:08.834492.
Valor original: None.
Valor final: {'ano': 2, 'data': '2019/05/09', 'id': 1, 'id_curso': 1, 'id_disciplina': 1, 'id_professor': 1, 'semestre': 3, 'turma': '1'}.
Mudanças finalizaram em 2019-05-13 17:54:08.835484.

Mudanças iniciaram em 2019-05-13 17:59:50.723089.
Valor original: None.
Valor final: {'id': 1, 'nome': 'Felipe'}.
Mudanças finalizaram em 2019-05-13 17:59:50.728116.

Mudanças iniciaram em 2019-05-13 17:59:56.973023.
Valor original: None.
Valor final: {'id': 1, 'nome': 'Felipe'}.
Mudanças finalizaram em 2019-05-13 17:59:56.974021.

Mudanças iniciaram em 2019-05-13 18:00:05.880675.
Valor original: None.
Valor final: {'id': 1, 'nome': 'Felipe'}.
Mudanças finalizaram em 2019-05-13 18:00:05.882669.

Mudanças iniciaram em 2019-05-13 18:00:16.990073.
Valor original: None.
Valor final: {'id': 1, 'nome': 'Felipe'}.
Mudanças finalizaram em 2019-05-13 18:00:16.992086.

Mudanças iniciaram em 2019-05-13 18:00:22.752915.
Valor original: None.
Valor final: {'carga_horaria': 3, 'id': 1, 'id_coordenador': 1, 'nome': 'jorge', 'plano_ensino': 'Plano de ensino', 'status': 1}.
Mudanças finalizaram em 2019-05-13 18:00:22.755899.

Mudanças iniciaram em 2019-05-13 18:00:27.205844.
Valor original: None.
Valor final: {'ano': 2, 'data': '2019/05/09', 'id': 1, 'id_curso': 1, 'id_disciplina': 1, 'id_professor': 1, 'semestre': 3, 'turma': '1'}.
Mudanças finalizaram em 2019-05-13 18:00:27.205844.

Mudanças iniciaram em 2019-05-13 19:05:41.753833.
Valor original: None.
Valor final: {'id': 1, 'nome': 'Felipe'}.
Mudanças finalizaram em 2019-05-13 19:05:41.760775.

Mudanças iniciaram em 2019-05-13 19:05:45.428237.
Valor original: None.
Valor final: {'id': 1, 'nome': 'Felipe'}.
Mudanças finalizaram em 2019-05-13 19:05:45.430225.

Mudanças iniciaram em 2019-05-13 19:05:49.381464.
Valor original: None.
Valor final: {'id': 1, 'nome': 'Felipe'}.
Mudanças finalizaram em 2019-05-13 19:05:49.385451.

Mudanças iniciaram em 2019-05-13 19:05:53.656593.
Valor original: None.
Valor final: {'id': 1, 'nome': 'Felipe'}.
Mudanças finalizaram em 2019-05-13 19:05:53.657559.

Mudanças iniciaram em 2019-05-13 19:05:57.144239.
Valor original: None.
Valor final: {'carga_horaria': 3, 'id': 1, 'id_coordenador': 1, 'nome': 'jorge', 'plano_ensino': 'Plano de ensino', 'status': 1}.
Mudanças finalizaram em 2019-05-13 19:05:57.149218.

Mudanças iniciaram em 2019-05-13 19:06:00.614717.
Valor original: None.
Valor final: {'ano': 2, 'data': '2019/05/09', 'id': 1, 'id_curso': 1, 'id_disciplina': 1, 'id_professor': 1, 'semestre': 3, 'turma': '1'}.
Mudanças finalizaram em 2019-05-13 19:06:00.616713.

Mudanças iniciaram em 2019-05-13 19:15:39.240197.
Valor original: None.
Valor final: {'id': 1, 'nome': 'Felipe'}.
Mudanças finalizaram em 2019-05-13 19:15:39.241193.

Mudanças iniciaram em 2019-05-13 19:15:42.532787.
Valor original: None.
Valor final: {'id': 1, 'nome': 'Felipe'}.
Mudanças finalizaram em 2019-05-13 19:15:42.533819.

Mudanças iniciaram em 2019-05-13 19:15:50.012172.
Valor original: None.
Valor final: {'id': 1, 'nome': 'Felipe'}.
Mudanças finalizaram em 2019-05-13 19:15:50.012172.

Mudanças iniciaram em 2019-05-13 19:15:53.768140.
Valor original: None.
Valor final: {'id': 1, 'nome': 'Felipe'}.
Mudanças finalizaram em 2019-05-13 19:15:53.768140.

Mudanças iniciaram em 2019-05-13 19:16:15.057335.
Valor original: None.
Valor final: {'carga_horaria': 3, 'id': 1, 'id_coordenador': 1, 'nome': 'jorge', 'plano_ensino': 'Plano de ensino', 'status': 1}.
Mudanças finalizaram em 2019-05-13 19:16:15.058332.

Mudanças iniciaram em 2019-05-13 19:16:18.565638.
Valor original: None.
Valor final: {'ano': 2, 'data': '2019/05/09', 'id': 1, 'id_curso': 1, 'id_disciplina': 1, 'id_professor': 1, 'semestre': 3, 'turma': '1'}.
Mudanças finalizaram em 2019-05-13 19:16:18.566632.

Mudanças iniciaram em 2019-05-13 19:19:33.753716.
Valor original: None.
Valor final: {'id': 1, 'nome': 'Felipe'}.
Mudanças finalizaram em 2019-05-13 19:19:33.755743.

Mudanças iniciaram em 2019-05-13 19:19:37.471693.
Valor original: None.
Valor final: {'id': 1, 'nome': 'Felipe'}.
Mudanças finalizaram em 2019-05-13 19:19:37.472690.

Mudanças iniciaram em 2019-05-13 19:19:44.456913.
Valor original: None.
Valor final: {'id': 1, 'nome': 'Felipe'}.
Mudanças finalizaram em 2019-05-13 19:19:44.456913.

Mudanças iniciaram em 2019-05-13 19:19:52.777220.
Valor original: None.
Valor final: {'id': 1, 'nome': 'Felipe'}.
Mudanças finalizaram em 2019-05-13 19:19:52.778250.

Mudanças iniciaram em 2019-05-13 19:20:13.181335.
Valor original: None.
Valor final: {'carga_horaria': 3, 'id': 1, 'id_coordenador': 1, 'nome': 'jorge', 'plano_ensino': 'Plano de ensino', 'status': 1}.
Mudanças finalizaram em 2019-05-13 19:20:13.181335.

Mudanças iniciaram em 2019-05-13 19:20:17.079601.
Valor original: None.
Valor final: {'ano': 2, 'data': '2019/05/09', 'id': 1, 'id_curso': 1, 'id_disciplina': 1, 'id_professor': 1, 'semestre': 3, 'turma': '1'}.
Mudanças finalizaram em 2019-05-13 19:20:17.080600.

Mudanças iniciaram em 2019-05-13 19:20:25.055784.
Valor original: None.
Valor final: {'dt_solicitacao': '2019/05/09', 'id': 1, 'id_aluno': 1, 'id_coordenador': 1, 'id_disciplina_ofertada': 1, 'status': 3}.
Mudanças finalizaram em 2019-05-13 19:20:25.056781.

Mudanças iniciaram em 2019-05-13 19:23:18.693845.
Valor original: None.
Valor final: {'id': 1, 'nome': 'Felipe'}.
Mudanças finalizaram em 2019-05-13 19:23:18.695832.

Mudanças iniciaram em 2019-05-13 19:23:21.539731.
Valor original: None.
Valor final: {'id': 1, 'nome': 'Felipe'}.
Mudanças finalizaram em 2019-05-13 19:23:21.540723.

Mudanças iniciaram em 2019-05-13 19:23:25.325228.
Valor original: None.
Valor final: {'id': 1, 'nome': 'Felipe'}.
Mudanças finalizaram em 2019-05-13 19:23:25.326227.

Mudanças iniciaram em 2019-05-13 19:23:29.548200.
Valor original: None.
Valor final: {'id': 1, 'nome': 'Felipe'}.
Mudanças finalizaram em 2019-05-13 19:23:29.549198.

Mudanças iniciaram em 2019-05-13 19:23:34.936150.
Valor original: None.
Valor final: {'carga_horaria': 3, 'id': 1, 'id_coordenador': 1, 'nome': 'jorge', 'plano_ensino': 'Plano de ensino', 'status': 1}.
Mudanças finalizaram em 2019-05-13 19:23:34.936150.

Mudanças iniciaram em 2019-05-13 19:23:37.215756.
Valor original: None.
Valor final: {'ano': 2, 'data': '2019/05/09', 'id': 1, 'id_curso': 1, 'id_disciplina': 1, 'id_professor': 1, 'semestre': 3, 'turma': '1'}.
Mudanças finalizaram em 2019-05-13 19:23:37.216756.

Mudanças iniciaram em 2019-05-13 19:23:39.544307.
Valor original: None.
Valor final: {'dt_solicitacao': '2019/05/09', 'id': 1, 'id_aluno': 1, 'id_coordenador': 1, 'id_disciplina_ofertada': 1, 'status': 3}.
Mudanças finalizaram em 2019-05-13 19:23:39.545304.

Mudanças iniciaram em 2019-05-13 19:25:59.877803.
Valor original: None.
Valor final: {'id': 1, 'nome': 'Felipe'}.
Mudanças finalizaram em 2019-05-13 19:25:59.880796.

Mudanças iniciaram em 2019-05-13 19:26:04.069542.
Valor original: None.
Valor final: {'id': 1, 'nome': 'Felipe'}.
Mudanças finalizaram em 2019-05-13 19:26:04.070571.

Mudanças iniciaram em 2019-05-13 19:26:08.115517.
Valor original: None.
Valor final: {'id': 1, 'nome': 'Felipe'}.
Mudanças finalizaram em 2019-05-13 19:26:08.116511.

Mudanças iniciaram em 2019-05-13 19:26:11.456500.
Valor original: None.
Valor final: {'id': 1, 'nome': 'Felipe'}.
Mudanças finalizaram em 2019-05-13 19:26:11.457497.

Mudanças iniciaram em 2019-05-13 19:26:23.074074.
Valor original: None.
Valor final: {'carga_horaria': 3, 'id': 1, 'id_coordenador': 1, 'nome': 'jorge', 'plano_ensino': 'Plano de ensino', 'status': 1}.
Mudanças finalizaram em 2019-05-13 19:26:23.074074.

Mudanças iniciaram em 2019-05-13 19:26:25.865376.
Valor original: None.
Valor final: {'ano': 2, 'data': '2019/05/09', 'id': 1, 'id_curso': 1, 'id_disciplina': 1, 'id_professor': 1, 'semestre': 3, 'turma': '1'}.
Mudanças finalizaram em 2019-05-13 19:26:25.865376.

Mudanças iniciaram em 2019-05-13 19:26:30.618209.
Valor original: None.
Valor final: {'dt_solicitacao': '2019/05/09', 'id': 1, 'id_aluno': 1, 'id_coordenador': 1, 'id_disciplina_ofertada': 1, 'status': 3}.
Mudanças finalizaram em 2019-05-13 19:26:30.618209.

Mudanças iniciaram em 2019-05-13 19:28:20.870529.
Valor original: None.
Valor final: {'id': 1, 'nome': 'Felipe'}.
Mudanças finalizaram em 2019-05-13 19:28:20.872526.

Mudanças iniciaram em 2019-05-13 19:28:23.858243.
Valor original: None.
Valor final: {'id': 1, 'nome': 'Felipe'}.
Mudanças finalizaram em 2019-05-13 19:28:23.858243.

Mudanças iniciaram em 2019-05-13 19:28:30.681195.
Valor original: None.
Valor final: {'id': 1, 'nome': 'Felipe'}.
Mudanças finalizaram em 2019-05-13 19:28:30.682224.

Mudanças iniciaram em 2019-05-13 19:28:40.589998.
Valor original: None.
Valor final: {'id': 1, 'nome': 'Felipe'}.
Mudanças finalizaram em 2019-05-13 19:28:40.590994.

Mudanças iniciaram em 2019-05-13 19:28:54.810069.
Valor original: None.
Valor final: {'carga_horaria': 3, 'id': 1, 'id_coordenador': 1, 'nome': 'jorge', 'plano_ensino': 'Plano de ensino', 'status': 1}.
Mudanças finalizaram em 2019-05-13 19:28:54.810069.

Mudanças iniciaram em 2019-05-13 19:28:57.542436.
Valor original: None.
Valor final: {'ano': 2, 'data': '2019/05/09', 'id': 1, 'id_curso': 1, 'id_disciplina': 1, 'id_professor': 1, 'semestre': 3, 'turma': '1'}.
Mudanças finalizaram em 2019-05-13 19:28:57.543433.

Mudanças iniciaram em 2019-05-13 19:29:00.936397.
Valor original: None.
Valor final: {'dt_solicitacao': '2019/05/09', 'id': 1, 'id_aluno': 1, 'id_coordenador': 1, 'id_disciplina_ofertada': 1, 'status': 3}.
Mudanças finalizaram em 2019-05-13 19:29:00.936397.

Mudanças iniciaram em 2019-05-13 19:29:27.969854.
Valor original: None.
Valor final: {'id': 2, 'nome': 'Felipe'}.
Mudanças finalizaram em 2019-05-13 19:29:27.970852.

Mudanças iniciaram em 2019-05-13 19:39:37.255947.
Valor original: None.
Valor final: {'id': 2, 'nome': 'Felipe'}.
Mudanças finalizaram em 2019-05-13 19:39:37.257979.

Mudanças iniciaram em 2019-05-13 19:39:41.251396.
Valor original: None.
Valor final: {'id': 2, 'nome': 'Felipe'}.
Mudanças finalizaram em 2019-05-13 19:39:41.252392.

Mudanças iniciaram em 2019-05-13 19:39:44.987740.
Valor original: None.
Valor final: {'id': 2, 'nome': 'Felipe'}.
Mudanças finalizaram em 2019-05-13 19:39:44.987740.

Mudanças iniciaram em 2019-05-13 19:40:04.552874.
Valor original: None.
Valor final: {'id': 2, 'nome': 'Felipe'}.
Mudanças finalizaram em 2019-05-13 19:40:04.553876.

Mudanças iniciaram em 2019-05-13 19:42:19.520103.
Valor original: None.
Valor final: {'id': 2, 'nome': 'Felipe'}.
Mudanças finalizaram em 2019-05-13 19:42:19.521098.

Mudanças iniciaram em 2019-05-13 19:42:24.851217.
Valor original: None.
Valor final: {'id': 1, 'nome': 'Felipe'}.
Mudanças finalizaram em 2019-05-13 19:42:24.852213.

Mudanças iniciaram em 2019-05-13 19:42:28.234613.
Valor original: None.
Valor final: {'id': 1, 'nome': 'Felipe'}.
Mudanças finalizaram em 2019-05-13 19:42:28.234613.

Mudanças iniciaram em 2019-05-13 19:42:31.466592.
Valor original: None.
Valor final: {'id': 1, 'nome': 'Felipe'}.
Mudanças finalizaram em 2019-05-13 19:42:31.466592.

Mudanças iniciaram em 2019-05-13 19:42:35.175719.
Valor original: None.
Valor final: {'id': 1, 'nome': 'Felipe'}.
Mudanças finalizaram em 2019-05-13 19:42:35.175719.

Mudanças iniciaram em 2019-05-13 19:43:07.354599.
Valor original: None.
Valor final: {'carga_horaria': 3, 'id': 1, 'id_coordenador': 1, 'nome': 'jorge', 'plano_ensino': 'Plano de ensino', 'status': 1}.
Mudanças finalizaram em 2019-05-13 19:43:07.355595.

Mudanças iniciaram em 2019-05-13 19:43:11.146763.
Valor original: None.
Valor final: {'ano': 2, 'data': '2019/05/09', 'id': 1, 'id_curso': 1, 'id_disciplina': 1, 'id_professor': 1, 'semestre': 3, 'turma': '1'}.
Mudanças finalizaram em 2019-05-13 19:43:11.147694.

Mudanças iniciaram em 2019-05-13 19:43:20.720545.
Valor original: None.
Valor final: {'dt_solicitacao': '2019/05/09', 'id': 1, 'id_aluno': 1, 'id_coordenador': 1, 'id_disciplina_ofertada': 1, 'status': 3}.
Mudanças finalizaram em 2019-05-13 19:43:20.720545.
